<?xml version="1.0" encoding="UTF-8"?>
<!-- Generated by org.testng.reporters.JUnitReportReporter -->
<testsuite hostname="Pratik-HP" failures="0" tests="1" name="testcases.LoginPageTest" time="5.696" errors="0" timestamp="2023-05-20T20:53:09 IST" skipped="0">
  <testcase classname="testcases.LoginPageTest" name="verifyUser" time="5.696"/>
  <system-out/>
</testsuite> <!-- testcases.LoginPageTest -->
