<?xml version="1.0" encoding="UTF-8"?>
<!-- Generated by org.testng.reporters.JUnitReportReporter -->
<testsuite hostname="Pratik-HP" failures="0" tests="2" name="testcases.UserPageTest" time="7.212" errors="0" timestamp="2023-05-20T21:00:13 IST" skipped="0">
  <testcase classname="testcases.UserPageTest" name="verfiyUserPageTitle" time="2.098"/>
  <system-out/>
  <testcase classname="testcases.UserPageTest" name="verfiyUserHeading" time="5.114"/>
  <system-out/>
</testsuite> <!-- testcases.UserPageTest -->
