<?xml version="1.0" encoding="UTF-8"?>
<!-- Generated by org.testng.reporters.JUnitReportReporter -->
<testsuite hostname="Pratik-HP" failures="0" tests="1" name="testcases.LogoutPageTest" time="11.664" errors="0" timestamp="2023-05-20T20:54:13 IST" skipped="0">
  <testcase classname="testcases.LogoutPageTest" name="userLogout" time="11.664"/>
  <system-out/>
</testsuite> <!-- testcases.LogoutPageTest -->
