<?xml version="1.0" encoding="UTF-8"?>
<!-- Generated by org.testng.reporters.JUnitReportReporter -->
<testsuite hostname="Pratik-HP" failures="0" tests="6" name="testcases.HomePageTest" time="43.049" errors="0" timestamp="2023-05-20T20:57:58 IST" skipped="0">
  <testcase classname="testcases.HomePageTest" name="verifyHomePageTitle" time="4.211"/>
  <system-out/>
  <testcase classname="testcases.HomePageTest" name="verifyHomePageURL" time="0.022"/>
  <system-out/>
  <testcase classname="testcases.HomePageTest" name="verifySkillAutosuggestion" time="18.729"/>
  <system-out/>
  <testcase classname="testcases.HomePageTest" name="verifySkillAutosuggestionSize" time="0.055"/>
  <system-out/>
  <testcase classname="testcases.HomePageTest" name="verifyLocationAutosuggestion" time="19.978"/>
  <system-out/>
  <testcase classname="testcases.HomePageTest" name="verifyLocationAutosuggestionSize" time="0.054"/>
  <system-out/>
</testsuite> <!-- testcases.HomePageTest -->
