<?xml version="1.0" encoding="UTF-8"?>
<!-- Generated by org.testng.reporters.JUnitReportReporter -->
<testsuite hostname="Pratik-HP" failures="0" tests="2" name="testcases.ViewAndUpdatePageProfilePageTest" time="31.252" errors="0" timestamp="2023-08-19T18:19:31 IST" skipped="0">
  <testcase classname="testcases.ViewAndUpdatePageProfilePageTest" name="verfiyViewAndUpadtePage" time="12.546"/>
  <system-out/>
  <testcase classname="testcases.ViewAndUpdatePageProfilePageTest" name="uploadResumeTest" time="18.706"/>
  <system-out/>
</testsuite> <!-- testcases.ViewAndUpdatePageProfilePageTest -->
